[debug] [2026-05-03T05:17:29.446Z] ----------------------------------------------------------------------
[debug] [2026-05-03T05:17:29.447Z] Command:       /usr/local/bin/node /Users/WilderGoapp/Desktop/WilderGo-App/node_modules/.bin/firebase deploy --only functions
[debug] [2026-05-03T05:17:29.448Z] CLI Version:   15.16.0
[debug] [2026-05-03T05:17:29.448Z] Platform:      darwin
[debug] [2026-05-03T05:17:29.448Z] Node Version:  v24.14.1
[debug] [2026-05-03T05:17:29.448Z] Time:          Sat May 02 2026 23:17:29 GMT-0600 (Mountain Daylight Time)
[debug] [2026-05-03T05:17:29.448Z] ----------------------------------------------------------------------
[debug] 
[debug] [2026-05-03T05:17:30.270Z] > command requires scopes: ["email","openid","https://www.googleapis.com/auth/cloudplatformprojects.readonly","https://www.googleapis.com/auth/firebase","https://www.googleapis.com/auth/cloud-platform"]
[debug] [2026-05-03T05:17:30.270Z] > authorizing via signed-in user (jega3397@colorado.edu)
[debug] [2026-05-03T05:17:30.270Z] [iam] checking project wildergo-27042 for permissions ["cloudfunctions.functions.create","cloudfunctions.functions.delete","cloudfunctions.functions.get","cloudfunctions.functions.list","cloudfunctions.functions.update","cloudfunctions.operations.get","firebase.projects.get"]
[debug] [2026-05-03T05:17:30.271Z] Checked if tokens are valid: true, expires at: 1777786904124
[debug] [2026-05-03T05:17:30.271Z] Checked if tokens are valid: true, expires at: 1777786904124
[debug] [2026-05-03T05:17:30.271Z] >>> [apiv2][query] POST https://cloudresourcemanager.googleapis.com/v1/projects/wildergo-27042:testIamPermissions [none]
[debug] [2026-05-03T05:17:30.271Z] >>> [apiv2][(partial)header] POST https://cloudresourcemanager.googleapis.com/v1/projects/wildergo-27042:testIamPermissions  x-goog-user-project=wildergo-27042
[debug] [2026-05-03T05:17:30.271Z] >>> [apiv2][body] POST https://cloudresourcemanager.googleapis.com/v1/projects/wildergo-27042:testIamPermissions {"permissions":["cloudfunctions.functions.create","cloudfunctions.functions.delete","cloudfunctions.functions.get","cloudfunctions.functions.list","cloudfunctions.functions.update","cloudfunctions.operations.get","firebase.projects.get"]}
[debug] [2026-05-03T05:17:30.568Z] <<< [apiv2][status] POST https://cloudresourcemanager.googleapis.com/v1/projects/wildergo-27042:testIamPermissions 200
[debug] [2026-05-03T05:17:30.568Z] <<< [apiv2][body] POST https://cloudresourcemanager.googleapis.com/v1/projects/wildergo-27042:testIamPermissions {"permissions":["cloudfunctions.functions.create","cloudfunctions.functions.delete","cloudfunctions.functions.get","cloudfunctions.functions.list","cloudfunctions.functions.update","cloudfunctions.operations.get","firebase.projects.get"]}
[debug] [2026-05-03T05:17:30.568Z] Checked if tokens are valid: true, expires at: 1777786904124
[debug] [2026-05-03T05:17:30.568Z] Checked if tokens are valid: true, expires at: 1777786904124
[debug] [2026-05-03T05:17:30.569Z] >>> [apiv2][query] POST https://iam.googleapis.com/v1/projects/wildergo-27042/serviceAccounts/wildergo-27042@appspot.gserviceaccount.com:testIamPermissions [none]
[debug] [2026-05-03T05:17:30.569Z] >>> [apiv2][body] POST https://iam.googleapis.com/v1/projects/wildergo-27042/serviceAccounts/wildergo-27042@appspot.gserviceaccount.com:testIamPermissions {"permissions":["iam.serviceAccounts.actAs"]}
[debug] [2026-05-03T05:17:30.764Z] <<< [apiv2][status] POST https://iam.googleapis.com/v1/projects/wildergo-27042/serviceAccounts/wildergo-27042@appspot.gserviceaccount.com:testIamPermissions 200
[debug] [2026-05-03T05:17:30.764Z] <<< [apiv2][body] POST https://iam.googleapis.com/v1/projects/wildergo-27042/serviceAccounts/wildergo-27042@appspot.gserviceaccount.com:testIamPermissions {"permissions":["iam.serviceAccounts.actAs"]}
[info] 
[info] === Deploying to 'wildergo-27042'...
[info] 
[info] i  deploying functions 
[info] Running command: npm --prefix "$RESOURCE_DIR" run lint
[info] ✔  functions: Finished running predeploy script. 
[debug] [2026-05-03T05:17:31.926Z] Checked if tokens are valid: true, expires at: 1777786904124
[debug] [2026-05-03T05:17:31.926Z] Checked if tokens are valid: true, expires at: 1777786904124
[debug] [2026-05-03T05:17:31.926Z] >>> [apiv2][query] GET https://cloudresourcemanager.googleapis.com/v1/projects/wildergo-27042 [none]
[debug] [2026-05-03T05:17:32.080Z] <<< [apiv2][status] GET https://cloudresourcemanager.googleapis.com/v1/projects/wildergo-27042 200
[debug] [2026-05-03T05:17:32.080Z] <<< [apiv2][body] GET https://cloudresourcemanager.googleapis.com/v1/projects/wildergo-27042 {"projectNumber":"788745676913","projectId":"wildergo-27042","lifecycleState":"ACTIVE","name":"WilderGo","labels":{"firebase":"enabled","firebase-core":"disabled"},"createTime":"2026-02-02T15:58:33.030071Z","parent":{"type":"organization","id":"69629390218"}}
[info] i  functions: preparing codebase default for deployment 
[info] i  functions: ensuring required API cloudfunctions.googleapis.com is enabled... 
[info] i  functions: ensuring required API cloudbuild.googleapis.com is enabled... 
[debug] [2026-05-03T05:17:32.081Z] Checked if tokens are valid: true, expires at: 1777786904124
[debug] [2026-05-03T05:17:32.081Z] Checked if tokens are valid: true, expires at: 1777786904124
[info] i  artifactregistry: ensuring required API artifactregistry.googleapis.com is enabled... 
[debug] [2026-05-03T05:17:32.081Z] Checked if tokens are valid: true, expires at: 1777786904124
[debug] [2026-05-03T05:17:32.081Z] Checked if tokens are valid: true, expires at: 1777786904124
[debug] [2026-05-03T05:17:32.081Z] >>> [apiv2][query] GET https://serviceusage.googleapis.com/v1/projects/wildergo-27042/services/cloudbuild.googleapis.com [none]
[debug] [2026-05-03T05:17:32.081Z] >>> [apiv2][(partial)header] GET https://serviceusage.googleapis.com/v1/projects/wildergo-27042/services/cloudbuild.googleapis.com  x-goog-user-project=wildergo-27042
[debug] [2026-05-03T05:17:32.082Z] >>> [apiv2][query] GET https://serviceusage.googleapis.com/v1/projects/wildergo-27042/services/artifactregistry.googleapis.com [none]
[debug] [2026-05-03T05:17:32.082Z] >>> [apiv2][(partial)header] GET https://serviceusage.googleapis.com/v1/projects/wildergo-27042/services/artifactregistry.googleapis.com  x-goog-user-project=wildergo-27042
[debug] [2026-05-03T05:17:32.327Z] <<< [apiv2][status] GET https://serviceusage.googleapis.com/v1/projects/wildergo-27042/services/cloudbuild.googleapis.com 200
[debug] [2026-05-03T05:17:32.327Z] <<< [apiv2][body] GET https://serviceusage.googleapis.com/v1/projects/wildergo-27042/services/cloudbuild.googleapis.com [omitted]
[warn] ⚠  functions: missing required API cloudbuild.googleapis.com. Enabling now... 
[debug] [2026-05-03T05:17:32.328Z] Checked if tokens are valid: true, expires at: 1777786904124
[debug] [2026-05-03T05:17:32.328Z] Checked if tokens are valid: true, expires at: 1777786904124
[debug] [2026-05-03T05:17:32.328Z] >>> [apiv2][query] POST https://serviceusage.googleapis.com/v1/projects/wildergo-27042/services/cloudbuild.googleapis.com:enable [none]
[debug] [2026-05-03T05:17:32.328Z] >>> [apiv2][(partial)header] POST https://serviceusage.googleapis.com/v1/projects/wildergo-27042/services/cloudbuild.googleapis.com:enable  x-goog-user-project=wildergo-27042
[debug] [2026-05-03T05:17:32.332Z] <<< [apiv2][status] GET https://serviceusage.googleapis.com/v1/projects/wildergo-27042/services/artifactregistry.googleapis.com 200
[debug] [2026-05-03T05:17:32.332Z] <<< [apiv2][body] GET https://serviceusage.googleapis.com/v1/projects/wildergo-27042/services/artifactregistry.googleapis.com [omitted]
[warn] ⚠  artifactregistry: missing required API artifactregistry.googleapis.com. Enabling now... 
[debug] [2026-05-03T05:17:32.332Z] Checked if tokens are valid: true, expires at: 1777786904124
[debug] [2026-05-03T05:17:32.332Z] Checked if tokens are valid: true, expires at: 1777786904124
[debug] [2026-05-03T05:17:32.332Z] >>> [apiv2][query] POST https://serviceusage.googleapis.com/v1/projects/wildergo-27042/services/artifactregistry.googleapis.com:enable [none]
[debug] [2026-05-03T05:17:32.332Z] >>> [apiv2][(partial)header] POST https://serviceusage.googleapis.com/v1/projects/wildergo-27042/services/artifactregistry.googleapis.com:enable  x-goog-user-project=wildergo-27042
[debug] [2026-05-03T05:17:32.627Z] <<< [apiv2][status] POST https://serviceusage.googleapis.com/v1/projects/wildergo-27042/services/artifactregistry.googleapis.com:enable 200
[debug] [2026-05-03T05:17:32.627Z] <<< [apiv2][body] POST https://serviceusage.googleapis.com/v1/projects/wildergo-27042/services/artifactregistry.googleapis.com:enable [omitted]
[debug] [2026-05-03T05:17:32.692Z] <<< [apiv2][status] POST https://serviceusage.googleapis.com/v1/projects/wildergo-27042/services/cloudbuild.googleapis.com:enable 200
[debug] [2026-05-03T05:17:32.693Z] <<< [apiv2][body] POST https://serviceusage.googleapis.com/v1/projects/wildergo-27042/services/cloudbuild.googleapis.com:enable [omitted]
[debug] [2026-05-03T05:17:42.704Z] Checked if tokens are valid: true, expires at: 1777786904124
[debug] [2026-05-03T05:17:42.704Z] Checked if tokens are valid: true, expires at: 1777786904124
[debug] [2026-05-03T05:17:42.704Z] >>> [apiv2][query] GET https://firebase.googleapis.com/v1beta1/projects/wildergo-27042/adminSdkConfig [none]
[debug] [2026-05-03T05:17:42.906Z] <<< [apiv2][status] GET https://firebase.googleapis.com/v1beta1/projects/wildergo-27042/adminSdkConfig 200
[debug] [2026-05-03T05:17:42.907Z] <<< [apiv2][body] GET https://firebase.googleapis.com/v1beta1/projects/wildergo-27042/adminSdkConfig {"projectId":"wildergo-27042","databaseURL":"https://wildergo-27042-default-rtdb.firebaseio.com","storageBucket":"wildergo-27042.firebasestorage.app"}
[debug] [2026-05-03T05:17:42.910Z] Validating nodejs source
[debug] [2026-05-03T05:17:43.363Z] > [functions] package.json contents: {
  "name": "functions",
  "description": "Cloud Functions for Firebase",
  "scripts": {
    "lint": "eslint .",
    "serve": "firebase emulators:start --only functions",
    "shell": "firebase functions:shell",
    "start": "npm run shell",
    "deploy": "firebase deploy --only functions",
    "logs": "firebase functions:log"
  },
  "engines": {
    "node": "24"
  },
  "main": "index.js",
  "dependencies": {
    "firebase-admin": "^13.8.0",
    "firebase-functions": "^7.2.5"
  },
  "devDependencies": {
    "eslint": "^8.15.0",
    "eslint-config-google": "^0.14.0",
    "firebase-functions-test": "^3.4.1"
  },
  "private": true
}
[debug] [2026-05-03T05:17:43.363Z] Building nodejs source
[info] i  functions: Loading and analyzing source code for codebase default to determine what to deploy 
[debug] [2026-05-03T05:17:43.364Z] Could not find functions.yaml. Must use http discovery
[debug] [2026-05-03T05:17:43.367Z] Found firebase-functions binary at '/Users/WilderGoapp/Desktop/WilderGo-App/functions/node_modules/.bin/firebase-functions'
[info] Serving at port 8781

[debug] [2026-05-03T05:17:43.983Z] Got response from /__/functions.yaml {"endpoints":{"catchShortcutSOS":{"availableMemoryMb":null,"timeoutSeconds":null,"minInstances":null,"maxInstances":null,"ingressSettings":null,"concurrency":null,"serviceAccountEmail":null,"vpc":null,"platform":"gcfv2","labels":{},"httpsTrigger":{},"entryPoint":"catchShortcutSOS"}},"specVersion":"v1alpha1","requiredAPIs":[],"extensions":{}}
[info] i  extensions: ensuring required API firebaseextensions.googleapis.com is enabled... 
[debug] [2026-05-03T05:17:48.001Z] Checked if tokens are valid: true, expires at: 1777786904124
[debug] [2026-05-03T05:17:48.001Z] Checked if tokens are valid: true, expires at: 1777786904124
[debug] [2026-05-03T05:17:48.001Z] >>> [apiv2][query] GET https://serviceusage.googleapis.com/v1/projects/wildergo-27042/services/firebaseextensions.googleapis.com [none]
[debug] [2026-05-03T05:17:48.001Z] >>> [apiv2][(partial)header] GET https://serviceusage.googleapis.com/v1/projects/wildergo-27042/services/firebaseextensions.googleapis.com  x-goog-user-project=wildergo-27042
[debug] [2026-05-03T05:17:48.302Z] <<< [apiv2][status] GET https://serviceusage.googleapis.com/v1/projects/wildergo-27042/services/firebaseextensions.googleapis.com 200
[debug] [2026-05-03T05:17:48.303Z] <<< [apiv2][body] GET https://serviceusage.googleapis.com/v1/projects/wildergo-27042/services/firebaseextensions.googleapis.com [omitted]
[warn] ⚠  extensions: missing required API firebaseextensions.googleapis.com. Enabling now... 
[debug] [2026-05-03T05:17:48.303Z] Checked if tokens are valid: true, expires at: 1777786904124
[debug] [2026-05-03T05:17:48.303Z] Checked if tokens are valid: true, expires at: 1777786904124
[debug] [2026-05-03T05:17:48.303Z] >>> [apiv2][query] POST https://serviceusage.googleapis.com/v1/projects/wildergo-27042/services/firebaseextensions.googleapis.com:enable [none]
[debug] [2026-05-03T05:17:48.303Z] >>> [apiv2][(partial)header] POST https://serviceusage.googleapis.com/v1/projects/wildergo-27042/services/firebaseextensions.googleapis.com:enable  x-goog-user-project=wildergo-27042
[debug] [2026-05-03T05:17:48.612Z] <<< [apiv2][status] POST https://serviceusage.googleapis.com/v1/projects/wildergo-27042/services/firebaseextensions.googleapis.com:enable 200
[debug] [2026-05-03T05:17:48.612Z] <<< [apiv2][body] POST https://serviceusage.googleapis.com/v1/projects/wildergo-27042/services/firebaseextensions.googleapis.com:enable [omitted]
[debug] [2026-05-03T05:17:58.626Z] > command requires scopes: ["email","openid","https://www.googleapis.com/auth/cloudplatformprojects.readonly","https://www.googleapis.com/auth/firebase","https://www.googleapis.com/auth/cloud-platform"]
[debug] [2026-05-03T05:17:58.626Z] > authorizing via signed-in user (jega3397@colorado.edu)
[debug] [2026-05-03T05:17:58.627Z] [iam] checking project wildergo-27042 for permissions ["firebase.projects.get","firebaseextensions.instances.list"]
[debug] [2026-05-03T05:17:58.627Z] Checked if tokens are valid: true, expires at: 1777786904124
[debug] [2026-05-03T05:17:58.627Z] Checked if tokens are valid: true, expires at: 1777786904124
[debug] [2026-05-03T05:17:58.627Z] >>> [apiv2][query] POST https://cloudresourcemanager.googleapis.com/v1/projects/wildergo-27042:testIamPermissions [none]
[debug] [2026-05-03T05:17:58.627Z] >>> [apiv2][(partial)header] POST https://cloudresourcemanager.googleapis.com/v1/projects/wildergo-27042:testIamPermissions  x-goog-user-project=wildergo-27042
[debug] [2026-05-03T05:17:58.627Z] >>> [apiv2][body] POST https://cloudresourcemanager.googleapis.com/v1/projects/wildergo-27042:testIamPermissions {"permissions":["firebase.projects.get","firebaseextensions.instances.list"]}
[debug] [2026-05-03T05:17:58.823Z] <<< [apiv2][status] POST https://cloudresourcemanager.googleapis.com/v1/projects/wildergo-27042:testIamPermissions 200
[debug] [2026-05-03T05:17:58.823Z] <<< [apiv2][body] POST https://cloudresourcemanager.googleapis.com/v1/projects/wildergo-27042:testIamPermissions {"permissions":["firebase.projects.get","firebaseextensions.instances.list"]}
[debug] [2026-05-03T05:17:58.824Z] Checked if tokens are valid: true, expires at: 1777786904124
[debug] [2026-05-03T05:17:58.824Z] Checked if tokens are valid: true, expires at: 1777786904124
[debug] [2026-05-03T05:17:58.824Z] >>> [apiv2][query] GET https://firebaseextensions.googleapis.com/v1beta/projects/wildergo-27042/instances pageSize=100&pageToken=
[debug] [2026-05-03T05:18:00.329Z] <<< [apiv2][status] GET https://firebaseextensions.googleapis.com/v1beta/projects/wildergo-27042/instances 200
[debug] [2026-05-03T05:18:00.329Z] <<< [apiv2][body] GET https://firebaseextensions.googleapis.com/v1beta/projects/wildergo-27042/instances {}
[info] i  functions: preparing functions directory for uploading... 
[info] i  functions: packaged /Users/WilderGoapp/Desktop/WilderGo-App/functions (79.79 KB) for uploading 
[debug] [2026-05-03T05:18:00.363Z] Checked if tokens are valid: true, expires at: 1777786904124
[debug] [2026-05-03T05:18:00.363Z] Checked if tokens are valid: true, expires at: 1777786904124
[debug] [2026-05-03T05:18:00.363Z] >>> [apiv2][query] GET https://cloudfunctions.googleapis.com/v1/projects/wildergo-27042/locations/-/functions [none]
[debug] [2026-05-03T05:18:00.877Z] <<< [apiv2][status] GET https://cloudfunctions.googleapis.com/v1/projects/wildergo-27042/locations/-/functions 200
[debug] [2026-05-03T05:18:00.877Z] <<< [apiv2][body] GET https://cloudfunctions.googleapis.com/v1/projects/wildergo-27042/locations/-/functions {}
[debug] [2026-05-03T05:18:00.877Z] Checked if tokens are valid: true, expires at: 1777786904124
[debug] [2026-05-03T05:18:00.877Z] Checked if tokens are valid: true, expires at: 1777786904124
[debug] [2026-05-03T05:18:00.877Z] >>> [apiv2][query] GET https://cloudfunctions.googleapis.com/v2/projects/wildergo-27042/locations/-/functions filter=environment%3D%22GEN_2%22
[debug] [2026-05-03T05:18:01.378Z] <<< [apiv2][status] GET https://cloudfunctions.googleapis.com/v2/projects/wildergo-27042/locations/-/functions 200
[debug] [2026-05-03T05:18:01.378Z] <<< [apiv2][body] GET https://cloudfunctions.googleapis.com/v2/projects/wildergo-27042/locations/-/functions {}
[info] i  functions: ensuring required API run.googleapis.com is enabled... 
[debug] [2026-05-03T05:18:01.380Z] Checked if tokens are valid: true, expires at: 1777786904124
[debug] [2026-05-03T05:18:01.380Z] Checked if tokens are valid: true, expires at: 1777786904124
[info] i  functions: ensuring required API eventarc.googleapis.com is enabled... 
[debug] [2026-05-03T05:18:01.380Z] Checked if tokens are valid: true, expires at: 1777786904124
[debug] [2026-05-03T05:18:01.380Z] Checked if tokens are valid: true, expires at: 1777786904124
[info] i  functions: ensuring required API pubsub.googleapis.com is enabled... 
[debug] [2026-05-03T05:18:01.380Z] Checked if tokens are valid: true, expires at: 1777786904124
[debug] [2026-05-03T05:18:01.380Z] Checked if tokens are valid: true, expires at: 1777786904124
[info] i  functions: ensuring required API storage.googleapis.com is enabled... 
[debug] [2026-05-03T05:18:01.380Z] Checked if tokens are valid: true, expires at: 1777786904124
[debug] [2026-05-03T05:18:01.380Z] Checked if tokens are valid: true, expires at: 1777786904124
[debug] [2026-05-03T05:18:01.380Z] >>> [apiv2][query] GET https://serviceusage.googleapis.com/v1/projects/788745676913/services/run.googleapis.com [none]
[debug] [2026-05-03T05:18:01.380Z] >>> [apiv2][(partial)header] GET https://serviceusage.googleapis.com/v1/projects/788745676913/services/run.googleapis.com  x-goog-user-project=788745676913
[debug] [2026-05-03T05:18:01.381Z] >>> [apiv2][query] GET https://serviceusage.googleapis.com/v1/projects/788745676913/services/eventarc.googleapis.com [none]
[debug] [2026-05-03T05:18:01.381Z] >>> [apiv2][(partial)header] GET https://serviceusage.googleapis.com/v1/projects/788745676913/services/eventarc.googleapis.com  x-goog-user-project=788745676913
[debug] [2026-05-03T05:18:01.381Z] >>> [apiv2][query] GET https://serviceusage.googleapis.com/v1/projects/788745676913/services/pubsub.googleapis.com [none]
[debug] [2026-05-03T05:18:01.381Z] >>> [apiv2][(partial)header] GET https://serviceusage.googleapis.com/v1/projects/788745676913/services/pubsub.googleapis.com  x-goog-user-project=788745676913
[debug] [2026-05-03T05:18:01.382Z] >>> [apiv2][query] GET https://serviceusage.googleapis.com/v1/projects/788745676913/services/storage.googleapis.com [none]
[debug] [2026-05-03T05:18:01.382Z] >>> [apiv2][(partial)header] GET https://serviceusage.googleapis.com/v1/projects/788745676913/services/storage.googleapis.com  x-goog-user-project=788745676913
[debug] [2026-05-03T05:18:01.585Z] <<< [apiv2][status] GET https://serviceusage.googleapis.com/v1/projects/788745676913/services/pubsub.googleapis.com 200
[debug] [2026-05-03T05:18:01.585Z] <<< [apiv2][body] GET https://serviceusage.googleapis.com/v1/projects/788745676913/services/pubsub.googleapis.com [omitted]
[info] ✔  functions: required API pubsub.googleapis.com is enabled 
[debug] [2026-05-03T05:18:01.597Z] <<< [apiv2][status] GET https://serviceusage.googleapis.com/v1/projects/788745676913/services/eventarc.googleapis.com 200
[debug] [2026-05-03T05:18:01.597Z] <<< [apiv2][body] GET https://serviceusage.googleapis.com/v1/projects/788745676913/services/eventarc.googleapis.com [omitted]
[warn] ⚠  functions: missing required API eventarc.googleapis.com. Enabling now... 
[debug] [2026-05-03T05:18:01.597Z] Checked if tokens are valid: true, expires at: 1777786904124
[debug] [2026-05-03T05:18:01.597Z] Checked if tokens are valid: true, expires at: 1777786904124
[debug] [2026-05-03T05:18:01.597Z] >>> [apiv2][query] POST https://serviceusage.googleapis.com/v1/projects/788745676913/services/eventarc.googleapis.com:enable [none]
[debug] [2026-05-03T05:18:01.597Z] >>> [apiv2][(partial)header] POST https://serviceusage.googleapis.com/v1/projects/788745676913/services/eventarc.googleapis.com:enable  x-goog-user-project=788745676913
[debug] [2026-05-03T05:18:01.598Z] <<< [apiv2][status] GET https://serviceusage.googleapis.com/v1/projects/788745676913/services/run.googleapis.com 200
[debug] [2026-05-03T05:18:01.598Z] <<< [apiv2][body] GET https://serviceusage.googleapis.com/v1/projects/788745676913/services/run.googleapis.com [omitted]
[warn] ⚠  functions: missing required API run.googleapis.com. Enabling now... 
[debug] [2026-05-03T05:18:01.599Z] Checked if tokens are valid: true, expires at: 1777786904124
[debug] [2026-05-03T05:18:01.599Z] Checked if tokens are valid: true, expires at: 1777786904124
[debug] [2026-05-03T05:18:01.599Z] >>> [apiv2][query] POST https://serviceusage.googleapis.com/v1/projects/788745676913/services/run.googleapis.com:enable [none]
[debug] [2026-05-03T05:18:01.599Z] >>> [apiv2][(partial)header] POST https://serviceusage.googleapis.com/v1/projects/788745676913/services/run.googleapis.com:enable  x-goog-user-project=788745676913
[debug] [2026-05-03T05:18:01.635Z] <<< [apiv2][status] GET https://serviceusage.googleapis.com/v1/projects/788745676913/services/storage.googleapis.com 200
[debug] [2026-05-03T05:18:01.635Z] <<< [apiv2][body] GET https://serviceusage.googleapis.com/v1/projects/788745676913/services/storage.googleapis.com [omitted]
[info] ✔  functions: required API storage.googleapis.com is enabled 
[debug] [2026-05-03T05:18:01.896Z] <<< [apiv2][status] POST https://serviceusage.googleapis.com/v1/projects/788745676913/services/eventarc.googleapis.com:enable 200
[debug] [2026-05-03T05:18:01.897Z] <<< [apiv2][body] POST https://serviceusage.googleapis.com/v1/projects/788745676913/services/eventarc.googleapis.com:enable [omitted]
[debug] [2026-05-03T05:18:01.987Z] <<< [apiv2][status] POST https://serviceusage.googleapis.com/v1/projects/788745676913/services/run.googleapis.com:enable 200
[debug] [2026-05-03T05:18:01.987Z] <<< [apiv2][body] POST https://serviceusage.googleapis.com/v1/projects/788745676913/services/run.googleapis.com:enable [omitted]
[info] i  functions: generating the service identity for pubsub.googleapis.com... 
[debug] [2026-05-03T05:18:11.997Z] Checked if tokens are valid: true, expires at: 1777786904124
[debug] [2026-05-03T05:18:11.997Z] Checked if tokens are valid: true, expires at: 1777786904124
[info] i  functions: generating the service identity for eventarc.googleapis.com... 
[debug] [2026-05-03T05:18:11.997Z] Checked if tokens are valid: true, expires at: 1777786904124
[debug] [2026-05-03T05:18:11.997Z] Checked if tokens are valid: true, expires at: 1777786904124
[debug] [2026-05-03T05:18:11.998Z] >>> [apiv2][query] POST https://serviceusage.googleapis.com/v1beta1/projects/788745676913/services/pubsub.googleapis.com:generateServiceIdentity [none]
[debug] [2026-05-03T05:18:11.998Z] >>> [apiv2][(partial)header] POST https://serviceusage.googleapis.com/v1beta1/projects/788745676913/services/pubsub.googleapis.com:generateServiceIdentity  x-goog-user-project=788745676913
[debug] [2026-05-03T05:18:11.998Z] >>> [apiv2][body] POST https://serviceusage.googleapis.com/v1beta1/projects/788745676913/services/pubsub.googleapis.com:generateServiceIdentity {}
[debug] [2026-05-03T05:18:11.999Z] >>> [apiv2][query] POST https://serviceusage.googleapis.com/v1beta1/projects/788745676913/services/eventarc.googleapis.com:generateServiceIdentity [none]
[debug] [2026-05-03T05:18:11.999Z] >>> [apiv2][(partial)header] POST https://serviceusage.googleapis.com/v1beta1/projects/788745676913/services/eventarc.googleapis.com:generateServiceIdentity  x-goog-user-project=788745676913
[debug] [2026-05-03T05:18:11.999Z] >>> [apiv2][body] POST https://serviceusage.googleapis.com/v1beta1/projects/788745676913/services/eventarc.googleapis.com:generateServiceIdentity {}
[debug] [2026-05-03T05:18:12.820Z] <<< [apiv2][status] POST https://serviceusage.googleapis.com/v1beta1/projects/788745676913/services/pubsub.googleapis.com:generateServiceIdentity 200
[debug] [2026-05-03T05:18:12.821Z] <<< [apiv2][body] POST https://serviceusage.googleapis.com/v1beta1/projects/788745676913/services/pubsub.googleapis.com:generateServiceIdentity {"name":"operations/finished.DONE_OPERATION","done":true,"response":{"@type":"type.googleapis.com/google.api.serviceusage.v1beta1.ServiceIdentity","email":"service-788745676913@gcp-sa-pubsub.iam.gserviceaccount.com","uniqueId":"112179236751089124689"}}
[debug] [2026-05-03T05:18:12.912Z] <<< [apiv2][status] POST https://serviceusage.googleapis.com/v1beta1/projects/788745676913/services/eventarc.googleapis.com:generateServiceIdentity 200
[debug] [2026-05-03T05:18:12.913Z] <<< [apiv2][body] POST https://serviceusage.googleapis.com/v1beta1/projects/788745676913/services/eventarc.googleapis.com:generateServiceIdentity {"name":"operations/finished.DONE_OPERATION","done":true,"response":{"@type":"type.googleapis.com/google.api.serviceusage.v1beta1.ServiceIdentity","email":"service-788745676913@gcp-sa-eventarc.iam.gserviceaccount.com","uniqueId":"117493754954811629823"}}
[debug] [2026-05-03T05:18:12.917Z] Checked if tokens are valid: true, expires at: 1777786904124
[debug] [2026-05-03T05:18:12.917Z] Checked if tokens are valid: true, expires at: 1777786904124
[debug] [2026-05-03T05:18:12.917Z] >>> [apiv2][query] GET https://cloudresourcemanager.googleapis.com/v1/projects/wildergo-27042 [none]
[debug] [2026-05-03T05:18:13.014Z] <<< [apiv2][status] GET https://cloudresourcemanager.googleapis.com/v1/projects/wildergo-27042 200
[debug] [2026-05-03T05:18:13.015Z] <<< [apiv2][body] GET https://cloudresourcemanager.googleapis.com/v1/projects/wildergo-27042 {"projectNumber":"788745676913","projectId":"wildergo-27042","lifecycleState":"ACTIVE","name":"WilderGo","labels":{"firebase":"enabled","firebase-core":"disabled"},"createTime":"2026-02-02T15:58:33.030071Z","parent":{"type":"organization","id":"69629390218"}}
[debug] [2026-05-03T05:18:13.016Z] Checked if tokens are valid: true, expires at: 1777786904124
[debug] [2026-05-03T05:18:13.016Z] Checked if tokens are valid: true, expires at: 1777786904124
[debug] [2026-05-03T05:18:13.016Z] >>> [apiv2][query] GET https://compute.googleapis.com/compute/v1/projects/788745676913 [none]
[debug] [2026-05-03T05:18:13.108Z] <<< [apiv2][status] GET https://compute.googleapis.com/compute/v1/projects/788745676913 403
[debug] [2026-05-03T05:18:13.108Z] <<< [apiv2][body] GET https://compute.googleapis.com/compute/v1/projects/788745676913 {"error":{"code":403,"message":"Compute Engine API has not been used in project 788745676913 before or it is disabled. Enable it by visiting https://console.developers.google.com/apis/api/compute.googleapis.com/overview?project=788745676913 then retry. If you enabled this API recently, wait a few minutes for the action to propagate to our systems and retry.","errors":[{"message":"Compute Engine API has not been used in project 788745676913 before or it is disabled. Enable it by visiting https://console.developers.google.com/apis/api/compute.googleapis.com/overview?project=788745676913 then retry. If you enabled this API recently, wait a few minutes for the action to propagate to our systems and retry.","domain":"usageLimits","reason":"accessNotConfigured","extendedHelp":"https://console.developers.google.com"}],"status":"PERMISSION_DENIED","details":[{"@type":"type.googleapis.com/google.rpc.ErrorInfo","reason":"SERVICE_DISABLED","domain":"googleapis.com","metadata":{"consumer":"projects/788745676913","serviceTitle":"Compute Engine API","service":"compute.googleapis.com","activationUrl":"https://console.developers.google.com/apis/api/compute.googleapis.com/overview?project=788745676913","containerInfo":"788745676913"}},{"@type":"type.googleapis.com/google.rpc.LocalizedMessage","locale":"en-US","message":"Compute Engine API has not been used in project 788745676913 before or it is disabled. Enable it by visiting https://console.developers.google.com/apis/api/compute.googleapis.com/overview?project=788745676913 then retry. If you enabled this API recently, wait a few minutes for the action to propagate to our systems and retry."},{"@type":"type.googleapis.com/google.rpc.Help","links":[{"description":"Google developers console API activation","url":"https://console.developers.google.com/apis/api/compute.googleapis.com/overview?project=788745676913"}]}]}}
[debug] [2026-05-03T05:18:13.109Z] unable to look up default compute service account. Falling back to 788745676913-compute@developer.gserviceaccount.com. Error: {"name":"FirebaseError","children":[],"context":{"body":{"error":{"code":403,"message":"Compute Engine API has not been used in project 788745676913 before or it is disabled. Enable it by visiting https://console.developers.google.com/apis/api/compute.googleapis.com/overview?project=788745676913 then retry. If you enabled this API recently, wait a few minutes for the action to propagate to our systems and retry.","errors":[{"message":"Compute Engine API has not been used in project 788745676913 before or it is disabled. Enable it by visiting https://console.developers.google.com/apis/api/compute.googleapis.com/overview?project=788745676913 then retry. If you enabled this API recently, wait a few minutes for the action to propagate to our systems and retry.","domain":"usageLimits","reason":"accessNotConfigured","extendedHelp":"https://console.developers.google.com"}],"status":"PERMISSION_DENIED","details":[{"@type":"type.googleapis.com/google.rpc.ErrorInfo","reason":"SERVICE_DISABLED","domain":"googleapis.com","metadata":{"consumer":"projects/788745676913","serviceTitle":"Compute Engine API","service":"compute.googleapis.com","activationUrl":"https://console.developers.google.com/apis/api/compute.googleapis.com/overview?project=788745676913","containerInfo":"788745676913"}},{"@type":"type.googleapis.com/google.rpc.LocalizedMessage","locale":"en-US","message":"Compute Engine API has not been used in project 788745676913 before or it is disabled. Enable it by visiting https://console.developers.google.com/apis/api/compute.googleapis.com/overview?project=788745676913 then retry. If you enabled this API recently, wait a few minutes for the action to propagate to our systems and retry."},{"@type":"type.googleapis.com/google.rpc.Help","links":[{"description":"Google developers console API activation","url":"https://console.developers.google.com/apis/api/compute.googleapis.com/overview?project=788745676913"}]}]}},"response":{"statusCode":403}},"exit":1,"message":"Request to https://compute.googleapis.com/compute/v1/projects/788745676913 had HTTP Error: 403, Compute Engine API has not been used in project 788745676913 before or it is disabled. Enable it by visiting https://console.developers.google.com/apis/api/compute.googleapis.com/overview?project=788745676913 then retry. If you enabled this API recently, wait a few minutes for the action to propagate to our systems and retry.","status":403}
[debug] [2026-05-03T05:18:13.109Z] Checked if tokens are valid: true, expires at: 1777786904124
[debug] [2026-05-03T05:18:13.109Z] Checked if tokens are valid: true, expires at: 1777786904124
[debug] [2026-05-03T05:18:13.109Z] >>> [apiv2][query] GET https://cloudbilling.googleapis.com/v1/projects/wildergo-27042/billingInfo [none]
[debug] [2026-05-03T05:18:13.318Z] <<< [apiv2][status] GET https://cloudbilling.googleapis.com/v1/projects/wildergo-27042/billingInfo 200
[debug] [2026-05-03T05:18:13.318Z] <<< [apiv2][body] GET https://cloudbilling.googleapis.com/v1/projects/wildergo-27042/billingInfo {"name":"projects/wildergo-27042/billingInfo","projectId":"wildergo-27042","billingAccountName":"billingAccounts/01443D-B1206E-1B18FA","billingEnabled":true}
[debug] [2026-05-03T05:18:13.319Z] [functions] found 1 new HTTP functions, testing setIamPolicy permission...
[debug] [2026-05-03T05:18:13.319Z] Checked if tokens are valid: true, expires at: 1777786904124
[debug] [2026-05-03T05:18:13.319Z] Checked if tokens are valid: true, expires at: 1777786904124
[debug] [2026-05-03T05:18:13.320Z] >>> [apiv2][query] POST https://cloudresourcemanager.googleapis.com/v1/projects/wildergo-27042:testIamPermissions [none]
[debug] [2026-05-03T05:18:13.320Z] >>> [apiv2][(partial)header] POST https://cloudresourcemanager.googleapis.com/v1/projects/wildergo-27042:testIamPermissions  x-goog-user-project=wildergo-27042
[debug] [2026-05-03T05:18:13.320Z] >>> [apiv2][body] POST https://cloudresourcemanager.googleapis.com/v1/projects/wildergo-27042:testIamPermissions {"permissions":["cloudfunctions.functions.setIamPolicy"]}
[debug] [2026-05-03T05:18:13.432Z] <<< [apiv2][status] POST https://cloudresourcemanager.googleapis.com/v1/projects/wildergo-27042:testIamPermissions 200
[debug] [2026-05-03T05:18:13.432Z] <<< [apiv2][body] POST https://cloudresourcemanager.googleapis.com/v1/projects/wildergo-27042:testIamPermissions {"permissions":["cloudfunctions.functions.setIamPolicy"]}
[debug] [2026-05-03T05:18:13.432Z] [functions] found setIamPolicy permission, proceeding with deploy
[debug] [2026-05-03T05:18:13.433Z] Checked if tokens are valid: true, expires at: 1777786904124
[debug] [2026-05-03T05:18:13.433Z] Checked if tokens are valid: true, expires at: 1777786904124
[debug] [2026-05-03T05:18:13.434Z] >>> [apiv2][query] POST https://cloudfunctions.googleapis.com/v2/projects/wildergo-27042/locations/us-central1/functions:generateUploadUrl [none]
[debug] [2026-05-03T05:18:14.706Z] <<< [apiv2][status] POST https://cloudfunctions.googleapis.com/v2/projects/wildergo-27042/locations/us-central1/functions:generateUploadUrl 200
[debug] [2026-05-03T05:18:14.706Z] <<< [apiv2][body] POST https://cloudfunctions.googleapis.com/v2/projects/wildergo-27042/locations/us-central1/functions:generateUploadUrl {"uploadUrl":"https://storage.googleapis.com/gcf-v2-uploads-788745676913.us-central1.cloudfunctions.appspot.com/3cc53b35-1014-4732-b1ab-43fc9d24defb.zip?GoogleAccessId=service-788745676913@gcf-admin-robot.iam.gserviceaccount.com&Expires=1777787294&Signature=IVQd0kONzeFa6nyaH80Ik2od9HaCMkjOWxbxyYtXD7Tsai6P%2FU3n87njYbM3tfl6USltYBJwkS4N%2F0l6JaniWMq9a7GL6EiHgtJhIHU1cqsIVSbPdpje1sqVnCoTaXSEKDEvFn7LcG8vc%2FadfIas8ThJAmDUP%2FH4bjsIFhskB48Bv5IrpIRzBoWkTxiNypaBO7gbTk32CVakt58HkM14plCihyTDA%2B6GO88EomArKsayQQ7zJHnJf4vakp90koXdMm%2FS4HDjYuOwB2U1ksfkhiHPwnWCKKeu%2F5oxJvmHPCMKIypB4sdVDvFav38AByewQdGIN7veX46QwED%2B%2FlcWZA%3D%3D","storageSource":{"bucket":"gcf-v2-uploads-788745676913.us-central1.cloudfunctions.appspot.com","object":"3cc53b35-1014-4732-b1ab-43fc9d24defb.zip"}}
[debug] [2026-05-03T05:18:14.708Z] >>> [apiv2][query] PUT https://storage.googleapis.com/gcf-v2-uploads-788745676913.us-central1.cloudfunctions.appspot.com/3cc53b35-1014-4732-b1ab-43fc9d24defb.zip GoogleAccessId=service-788745676913%40gcf-admin-robot.iam.gserviceaccount.com&Expires=1777787294&Signature=IVQd0kONzeFa6nyaH80Ik2od9HaCMkjOWxbxyYtXD7Tsai6P%2FU3n87njYbM3tfl6USltYBJwkS4N%2F0l6JaniWMq9a7GL6EiHgtJhIHU1cqsIVSbPdpje1sqVnCoTaXSEKDEvFn7LcG8vc%2FadfIas8ThJAmDUP%2FH4bjsIFhskB48Bv5IrpIRzBoWkTxiNypaBO7gbTk32CVakt58HkM14plCihyTDA%2B6GO88EomArKsayQQ7zJHnJf4vakp90koXdMm%2FS4HDjYuOwB2U1ksfkhiHPwnWCKKeu%2F5oxJvmHPCMKIypB4sdVDvFav38AByewQdGIN7veX46QwED%2B%2FlcWZA%3D%3D
[debug] [2026-05-03T05:18:14.708Z] >>> [apiv2][body] PUT https://storage.googleapis.com/gcf-v2-uploads-788745676913.us-central1.cloudfunctions.appspot.com/3cc53b35-1014-4732-b1ab-43fc9d24defb.zip [stream]
[debug] [2026-05-03T05:18:14.884Z] <<< [apiv2][status] PUT https://storage.googleapis.com/gcf-v2-uploads-788745676913.us-central1.cloudfunctions.appspot.com/3cc53b35-1014-4732-b1ab-43fc9d24defb.zip 200
[debug] [2026-05-03T05:18:14.884Z] <<< [apiv2][body] PUT https://storage.googleapis.com/gcf-v2-uploads-788745676913.us-central1.cloudfunctions.appspot.com/3cc53b35-1014-4732-b1ab-43fc9d24defb.zip [omitted]
[info] ✔  functions: functions source uploaded successfully 
[info] i  functions: creating Node.js 24 (2nd Gen) function catchShortcutSOS(us-central1)... 
[debug] [2026-05-03T05:18:14.889Z] Checked if tokens are valid: true, expires at: 1777786904124
[debug] [2026-05-03T05:18:14.889Z] Checked if tokens are valid: true, expires at: 1777786904124
[debug] [2026-05-03T05:18:14.889Z] >>> [apiv2][query] POST https://cloudfunctions.googleapis.com/v2/projects/wildergo-27042/locations/us-central1/functions functionId=catchShortcutSOS
[debug] [2026-05-03T05:18:14.889Z] >>> [apiv2][body] POST https://cloudfunctions.googleapis.com/v2/projects/wildergo-27042/locations/us-central1/functions {"name":"projects/wildergo-27042/locations/us-central1/functions/catchShortcutSOS","buildConfig":{"runtime":"nodejs24","entryPoint":"catchShortcutSOS","source":{"storageSource":{"bucket":"gcf-v2-uploads-788745676913.us-central1.cloudfunctions.appspot.com","object":"3cc53b35-1014-4732-b1ab-43fc9d24defb.zip"}},"environmentVariables":{"GOOGLE_NODE_RUN_SCRIPTS":""}},"serviceConfig":{"environmentVariables":{"FIREBASE_CONFIG":"{\"projectId\":\"wildergo-27042\",\"databaseURL\":\"https://wildergo-27042-default-rtdb.firebaseio.com\",\"storageBucket\":\"wildergo-27042.firebasestorage.app\"}","GCLOUD_PROJECT":"wildergo-27042","EVENTARC_CLOUD_EVENT_SOURCE":"projects/wildergo-27042/locations/us-central1/services/catchShortcutSOS","FUNCTION_TARGET":"catchShortcutSOS","LOG_EXECUTION_ID":"true"},"ingressSettings":null,"timeoutSeconds":null,"serviceAccountEmail":null,"availableMemory":"256Mi","minInstanceCount":null,"maxInstanceCount":null,"maxInstanceRequestConcurrency":80,"availableCpu":"1","vpcConnector":null,"vpcConnectorEgressSettings":null,"directVpcNetworkInterface":null,"directVpcEgress":null},"labels":{"deployment-tool":"cli-firebase","firebase-functions-hash":"f510eaf87664743549752a63f3a73ff925f456e9"}}
[debug] [2026-05-03T05:18:16.644Z] <<< [apiv2][status] POST https://cloudfunctions.googleapis.com/v2/projects/wildergo-27042/locations/us-central1/functions 200
[debug] [2026-05-03T05:18:16.644Z] <<< [apiv2][body] POST https://cloudfunctions.googleapis.com/v2/projects/wildergo-27042/locations/us-central1/functions {"name":"projects/wildergo-27042/locations/us-central1/operations/operation-1777785494996-650e2f0ea844a-f4fb0641-ad132959","metadata":{"@type":"type.googleapis.com/google.cloud.functions.v2.OperationMetadata","createTime":"2026-05-03T05:18:16.652006761Z","target":"projects/wildergo-27042/locations/us-central1/functions/catchShortcutSOS","verb":"create","cancelRequested":false,"apiVersion":"v2"},"done":false}
[debug] [2026-05-03T05:18:16.645Z] Checked if tokens are valid: true, expires at: 1777786904124
[debug] [2026-05-03T05:18:16.645Z] Checked if tokens are valid: true, expires at: 1777786904124
[debug] [2026-05-03T05:18:16.646Z] >>> [apiv2][query] GET https://cloudfunctions.googleapis.com/v2/projects/wildergo-27042/locations/us-central1/operations/operation-1777785494996-650e2f0ea844a-f4fb0641-ad132959 [none]
[debug] [2026-05-03T05:18:16.732Z] <<< [apiv2][status] GET https://cloudfunctions.googleapis.com/v2/projects/wildergo-27042/locations/us-central1/operations/operation-1777785494996-650e2f0ea844a-f4fb0641-ad132959 200
[debug] [2026-05-03T05:18:16.732Z] <<< [apiv2][body] GET https://cloudfunctions.googleapis.com/v2/projects/wildergo-27042/locations/us-central1/operations/operation-1777785494996-650e2f0ea844a-f4fb0641-ad132959 {"name":"projects/wildergo-27042/locations/us-central1/operations/operation-1777785494996-650e2f0ea844a-f4fb0641-ad132959","metadata":{"@type":"type.googleapis.com/google.cloud.functions.v2.OperationMetadata","createTime":"2026-05-03T05:18:16.652006761Z","target":"projects/wildergo-27042/locations/us-central1/functions/catchShortcutSOS","verb":"create","cancelRequested":false,"apiVersion":"v2"},"done":false}
[debug] [2026-05-03T05:18:17.234Z] [create-default-us-central1-catchShortcutSOS] Retrying task index 0
[debug] [2026-05-03T05:18:17.234Z] Checked if tokens are valid: true, expires at: 1777786904124
[debug] [2026-05-03T05:18:17.234Z] Checked if tokens are valid: true, expires at: 1777786904124
[debug] [2026-05-03T05:18:17.234Z] >>> [apiv2][query] GET https://cloudfunctions.googleapis.com/v2/projects/wildergo-27042/locations/us-central1/operations/operation-1777785494996-650e2f0ea844a-f4fb0641-ad132959 [none]
[debug] [2026-05-03T05:18:17.314Z] <<< [apiv2][status] GET https://cloudfunctions.googleapis.com/v2/projects/wildergo-27042/locations/us-central1/operations/operation-1777785494996-650e2f0ea844a-f4fb0641-ad132959 200
[debug] [2026-05-03T05:18:17.314Z] <<< [apiv2][body] GET https://cloudfunctions.googleapis.com/v2/projects/wildergo-27042/locations/us-central1/operations/operation-1777785494996-650e2f0ea844a-f4fb0641-ad132959 {"name":"projects/wildergo-27042/locations/us-central1/operations/operation-1777785494996-650e2f0ea844a-f4fb0641-ad132959","metadata":{"@type":"type.googleapis.com/google.cloud.functions.v2.OperationMetadata","createTime":"2026-05-03T05:18:16.652006761Z","target":"projects/wildergo-27042/locations/us-central1/functions/catchShortcutSOS","verb":"create","cancelRequested":false,"apiVersion":"v2","requestResource":{"@type":"type.googleapis.com/google.cloud.functions.v2.Function","name":"projects/wildergo-27042/locations/us-central1/functions/catchShortcutSOS","buildConfig":{"runtime":"nodejs24","entryPoint":"catchShortcutSOS","source":{"storageSource":{"bucket":"gcf-v2-sources-788745676913-us-central1","object":"catchShortcutSOS/function-source.zip","generation":"1777785495737580"}},"environmentVariables":{"GOOGLE_NODE_RUN_SCRIPTS":""},"serviceAccount":"projects/wildergo-27042/serviceAccounts/788745676913-compute@developer.gserviceaccount.com","automaticUpdatePolicy":{}},"serviceConfig":{"service":"projects/wildergo-27042/locations/us-central1/services/catchshortcutsos","timeoutSeconds":60,"environmentVariables":{"FIREBASE_CONFIG":"{\"projectId\":\"wildergo-27042\",\"databaseURL\":\"https://wildergo-27042-default-rtdb.firebaseio.com\",\"storageBucket\":\"wildergo-27042.firebasestorage.app\"}","GCLOUD_PROJECT":"wildergo-27042","EVENTARC_CLOUD_EVENT_SOURCE":"projects/wildergo-27042/locations/us-central1/services/catchShortcutSOS","FUNCTION_TARGET":"catchShortcutSOS","LOG_EXECUTION_ID":"true"},"ingressSettings":"ALLOW_ALL","serviceAccountEmail":"788745676913-compute@developer.gserviceaccount.com","availableMemory":"256Mi","maxInstanceRequestConcurrency":80,"availableCpu":"1"},"labels":{"deployment-tool":"cli-firebase","firebase-functions-hash":"f510eaf87664743549752a63f3a73ff925f456e9"},"environment":"GEN_2"},"stages":[{"name":"BUILD","state":"NOT_STARTED"},{"name":"SERVICE","state":"NOT_STARTED"}],"operationType":"CREATE_FUNCTION"},"done":false}
[debug] [2026-05-03T05:18:18.316Z] [create-default-us-central1-catchShortcutSOS] Retrying task index 0
[debug] [2026-05-03T05:18:18.317Z] Checked if tokens are valid: true, expires at: 1777786904124
[debug] [2026-05-03T05:18:18.317Z] Checked if tokens are valid: true, expires at: 1777786904124
[debug] [2026-05-03T05:18:18.317Z] >>> [apiv2][query] GET https://cloudfunctions.googleapis.com/v2/projects/wildergo-27042/locations/us-central1/operations/operation-1777785494996-650e2f0ea844a-f4fb0641-ad132959 [none]
[debug] [2026-05-03T05:18:18.390Z] <<< [apiv2][status] GET https://cloudfunctions.googleapis.com/v2/projects/wildergo-27042/locations/us-central1/operations/operation-1777785494996-650e2f0ea844a-f4fb0641-ad132959 200
[debug] [2026-05-03T05:18:18.390Z] <<< [apiv2][body] GET https://cloudfunctions.googleapis.com/v2/projects/wildergo-27042/locations/us-central1/operations/operation-1777785494996-650e2f0ea844a-f4fb0641-ad132959 {"name":"projects/wildergo-27042/locations/us-central1/operations/operation-1777785494996-650e2f0ea844a-f4fb0641-ad132959","metadata":{"@type":"type.googleapis.com/google.cloud.functions.v2.OperationMetadata","createTime":"2026-05-03T05:18:16.652006761Z","target":"projects/wildergo-27042/locations/us-central1/functions/catchShortcutSOS","verb":"create","cancelRequested":false,"apiVersion":"v2","requestResource":{"@type":"type.googleapis.com/google.cloud.functions.v2.Function","name":"projects/wildergo-27042/locations/us-central1/functions/catchShortcutSOS","buildConfig":{"runtime":"nodejs24","entryPoint":"catchShortcutSOS","source":{"storageSource":{"bucket":"gcf-v2-sources-788745676913-us-central1","object":"catchShortcutSOS/function-source.zip","generation":"1777785495737580"}},"environmentVariables":{"GOOGLE_NODE_RUN_SCRIPTS":""},"serviceAccount":"projects/wildergo-27042/serviceAccounts/788745676913-compute@developer.gserviceaccount.com","automaticUpdatePolicy":{}},"serviceConfig":{"service":"projects/wildergo-27042/locations/us-central1/services/catchshortcutsos","timeoutSeconds":60,"environmentVariables":{"FIREBASE_CONFIG":"{\"projectId\":\"wildergo-27042\",\"databaseURL\":\"https://wildergo-27042-default-rtdb.firebaseio.com\",\"storageBucket\":\"wildergo-27042.firebasestorage.app\"}","GCLOUD_PROJECT":"wildergo-27042","EVENTARC_CLOUD_EVENT_SOURCE":"projects/wildergo-27042/locations/us-central1/services/catchShortcutSOS","FUNCTION_TARGET":"catchShortcutSOS","LOG_EXECUTION_ID":"true"},"ingressSettings":"ALLOW_ALL","serviceAccountEmail":"788745676913-compute@developer.gserviceaccount.com","availableMemory":"256Mi","maxInstanceRequestConcurrency":80,"availableCpu":"1"},"labels":{"deployment-tool":"cli-firebase","firebase-functions-hash":"f510eaf87664743549752a63f3a73ff925f456e9"},"environment":"GEN_2"},"stages":[{"name":"BUILD","state":"NOT_STARTED"},{"name":"SERVICE","state":"NOT_STARTED"}],"operationType":"CREATE_FUNCTION"},"done":false}
[debug] [2026-05-03T05:18:20.392Z] [create-default-us-central1-catchShortcutSOS] Retrying task index 0
[debug] [2026-05-03T05:18:20.393Z] Checked if tokens are valid: true, expires at: 1777786904124
[debug] [2026-05-03T05:18:20.393Z] Checked if tokens are valid: true, expires at: 1777786904124
[debug] [2026-05-03T05:18:20.393Z] >>> [apiv2][query] GET https://cloudfunctions.googleapis.com/v2/projects/wildergo-27042/locations/us-central1/operations/operation-1777785494996-650e2f0ea844a-f4fb0641-ad132959 [none]
[debug] [2026-05-03T05:18:20.478Z] <<< [apiv2][status] GET https://cloudfunctions.googleapis.com/v2/projects/wildergo-27042/locations/us-central1/operations/operation-1777785494996-650e2f0ea844a-f4fb0641-ad132959 200
[debug] [2026-05-03T05:18:20.478Z] <<< [apiv2][body] GET https://cloudfunctions.googleapis.com/v2/projects/wildergo-27042/locations/us-central1/operations/operation-1777785494996-650e2f0ea844a-f4fb0641-ad132959 {"name":"projects/wildergo-27042/locations/us-central1/operations/operation-1777785494996-650e2f0ea844a-f4fb0641-ad132959","metadata":{"@type":"type.googleapis.com/google.cloud.functions.v2.OperationMetadata","createTime":"2026-05-03T05:18:16.652006761Z","target":"projects/wildergo-27042/locations/us-central1/functions/catchShortcutSOS","verb":"create","cancelRequested":false,"apiVersion":"v2","requestResource":{"@type":"type.googleapis.com/google.cloud.functions.v2.Function","name":"projects/wildergo-27042/locations/us-central1/functions/catchShortcutSOS","buildConfig":{"runtime":"nodejs24","entryPoint":"catchShortcutSOS","source":{"storageSource":{"bucket":"gcf-v2-sources-788745676913-us-central1","object":"catchShortcutSOS/function-source.zip","generation":"1777785495737580"}},"environmentVariables":{"GOOGLE_NODE_RUN_SCRIPTS":""},"serviceAccount":"projects/wildergo-27042/serviceAccounts/788745676913-compute@developer.gserviceaccount.com","automaticUpdatePolicy":{}},"serviceConfig":{"service":"projects/wildergo-27042/locations/us-central1/services/catchshortcutsos","timeoutSeconds":60,"environmentVariables":{"FIREBASE_CONFIG":"{\"projectId\":\"wildergo-27042\",\"databaseURL\":\"https://wildergo-27042-default-rtdb.firebaseio.com\",\"storageBucket\":\"wildergo-27042.firebasestorage.app\"}","GCLOUD_PROJECT":"wildergo-27042","EVENTARC_CLOUD_EVENT_SOURCE":"projects/wildergo-27042/locations/us-central1/services/catchShortcutSOS","FUNCTION_TARGET":"catchShortcutSOS","LOG_EXECUTION_ID":"true"},"ingressSettings":"ALLOW_ALL","serviceAccountEmail":"788745676913-compute@developer.gserviceaccount.com","availableMemory":"256Mi","maxInstanceRequestConcurrency":80,"availableCpu":"1"},"labels":{"deployment-tool":"cli-firebase","firebase-functions-hash":"f510eaf87664743549752a63f3a73ff925f456e9"},"environment":"GEN_2"},"stages":[{"name":"BUILD","state":"NOT_STARTED"},{"name":"SERVICE","state":"NOT_STARTED"}],"operationType":"CREATE_FUNCTION"},"done":false}
[debug] [2026-05-03T05:18:24.480Z] [create-default-us-central1-catchShortcutSOS] Retrying task index 0
[debug] [2026-05-03T05:18:24.480Z] Checked if tokens are valid: true, expires at: 1777786904124
[debug] [2026-05-03T05:18:24.481Z] Checked if tokens are valid: true, expires at: 1777786904124
[debug] [2026-05-03T05:18:24.481Z] >>> [apiv2][query] GET https://cloudfunctions.googleapis.com/v2/projects/wildergo-27042/locations/us-central1/operations/operation-1777785494996-650e2f0ea844a-f4fb0641-ad132959 [none]
[debug] [2026-05-03T05:18:24.576Z] <<< [apiv2][status] GET https://cloudfunctions.googleapis.com/v2/projects/wildergo-27042/locations/us-central1/operations/operation-1777785494996-650e2f0ea844a-f4fb0641-ad132959 200
[debug] [2026-05-03T05:18:24.577Z] <<< [apiv2][body] GET https://cloudfunctions.googleapis.com/v2/projects/wildergo-27042/locations/us-central1/operations/operation-1777785494996-650e2f0ea844a-f4fb0641-ad132959 {"name":"projects/wildergo-27042/locations/us-central1/operations/operation-1777785494996-650e2f0ea844a-f4fb0641-ad132959","metadata":{"@type":"type.googleapis.com/google.cloud.functions.v2.OperationMetadata","createTime":"2026-05-03T05:18:16.652006761Z","target":"projects/wildergo-27042/locations/us-central1/functions/catchShortcutSOS","verb":"create","cancelRequested":false,"apiVersion":"v2","requestResource":{"@type":"type.googleapis.com/google.cloud.functions.v2.Function","name":"projects/wildergo-27042/locations/us-central1/functions/catchShortcutSOS","buildConfig":{"runtime":"nodejs24","entryPoint":"catchShortcutSOS","source":{"storageSource":{"bucket":"gcf-v2-sources-788745676913-us-central1","object":"catchShortcutSOS/function-source.zip","generation":"1777785495737580"}},"environmentVariables":{"GOOGLE_NODE_RUN_SCRIPTS":""},"serviceAccount":"projects/wildergo-27042/serviceAccounts/788745676913-compute@developer.gserviceaccount.com","automaticUpdatePolicy":{}},"serviceConfig":{"service":"projects/wildergo-27042/locations/us-central1/services/catchshortcutsos","timeoutSeconds":60,"environmentVariables":{"FIREBASE_CONFIG":"{\"projectId\":\"wildergo-27042\",\"databaseURL\":\"https://wildergo-27042-default-rtdb.firebaseio.com\",\"storageBucket\":\"wildergo-27042.firebasestorage.app\"}","GCLOUD_PROJECT":"wildergo-27042","EVENTARC_CLOUD_EVENT_SOURCE":"projects/wildergo-27042/locations/us-central1/services/catchShortcutSOS","FUNCTION_TARGET":"catchShortcutSOS","LOG_EXECUTION_ID":"true"},"ingressSettings":"ALLOW_ALL","serviceAccountEmail":"788745676913-compute@developer.gserviceaccount.com","availableMemory":"256Mi","maxInstanceRequestConcurrency":80,"availableCpu":"1"},"labels":{"deployment-tool":"cli-firebase","firebase-functions-hash":"f510eaf87664743549752a63f3a73ff925f456e9"},"environment":"GEN_2"},"stages":[{"name":"BUILD","state":"NOT_STARTED"},{"name":"SERVICE","state":"NOT_STARTED"}],"operationType":"CREATE_FUNCTION"},"done":false}
[debug] [2026-05-03T05:18:32.578Z] [create-default-us-central1-catchShortcutSOS] Retrying task index 0
[debug] [2026-05-03T05:18:32.579Z] Checked if tokens are valid: true, expires at: 1777786904124
[debug] [2026-05-03T05:18:32.579Z] Checked if tokens are valid: true, expires at: 1777786904124
[debug] [2026-05-03T05:18:32.579Z] >>> [apiv2][query] GET https://cloudfunctions.googleapis.com/v2/projects/wildergo-27042/locations/us-central1/operations/operation-1777785494996-650e2f0ea844a-f4fb0641-ad132959 [none]
[debug] [2026-05-03T05:18:32.698Z] <<< [apiv2][status] GET https://cloudfunctions.googleapis.com/v2/projects/wildergo-27042/locations/us-central1/operations/operation-1777785494996-650e2f0ea844a-f4fb0641-ad132959 200
[debug] [2026-05-03T05:18:32.698Z] <<< [apiv2][body] GET https://cloudfunctions.googleapis.com/v2/projects/wildergo-27042/locations/us-central1/operations/operation-1777785494996-650e2f0ea844a-f4fb0641-ad132959 {"name":"projects/wildergo-27042/locations/us-central1/operations/operation-1777785494996-650e2f0ea844a-f4fb0641-ad132959","metadata":{"@type":"type.googleapis.com/google.cloud.functions.v2.OperationMetadata","createTime":"2026-05-03T05:18:16.652006761Z","target":"projects/wildergo-27042/locations/us-central1/functions/catchShortcutSOS","verb":"create","cancelRequested":false,"apiVersion":"v2","requestResource":{"@type":"type.googleapis.com/google.cloud.functions.v2.Function","name":"projects/wildergo-27042/locations/us-central1/functions/catchShortcutSOS","buildConfig":{"runtime":"nodejs24","entryPoint":"catchShortcutSOS","source":{"storageSource":{"bucket":"gcf-v2-sources-788745676913-us-central1","object":"catchShortcutSOS/function-source.zip","generation":"1777785495737580"}},"environmentVariables":{"GOOGLE_NODE_RUN_SCRIPTS":""},"serviceAccount":"projects/wildergo-27042/serviceAccounts/788745676913-compute@developer.gserviceaccount.com","automaticUpdatePolicy":{}},"serviceConfig":{"service":"projects/wildergo-27042/locations/us-central1/services/catchshortcutsos","timeoutSeconds":60,"environmentVariables":{"FIREBASE_CONFIG":"{\"projectId\":\"wildergo-27042\",\"databaseURL\":\"https://wildergo-27042-default-rtdb.firebaseio.com\",\"storageBucket\":\"wildergo-27042.firebasestorage.app\"}","GCLOUD_PROJECT":"wildergo-27042","EVENTARC_CLOUD_EVENT_SOURCE":"projects/wildergo-27042/locations/us-central1/services/catchShortcutSOS","FUNCTION_TARGET":"catchShortcutSOS","LOG_EXECUTION_ID":"true"},"ingressSettings":"ALLOW_ALL","serviceAccountEmail":"788745676913-compute@developer.gserviceaccount.com","availableMemory":"256Mi","maxInstanceRequestConcurrency":80,"availableCpu":"1"},"labels":{"deployment-tool":"cli-firebase","firebase-functions-hash":"f510eaf87664743549752a63f3a73ff925f456e9"},"environment":"GEN_2"},"stages":[{"name":"BUILD","state":"NOT_STARTED"},{"name":"SERVICE","state":"NOT_STARTED"}],"operationType":"CREATE_FUNCTION"},"done":false}
[debug] [2026-05-03T05:18:42.700Z] [create-default-us-central1-catchShortcutSOS] Retrying task index 0
[debug] [2026-05-03T05:18:42.700Z] Checked if tokens are valid: true, expires at: 1777786904124
[debug] [2026-05-03T05:18:42.700Z] Checked if tokens are valid: true, expires at: 1777786904124
[debug] [2026-05-03T05:18:42.701Z] >>> [apiv2][query] GET https://cloudfunctions.googleapis.com/v2/projects/wildergo-27042/locations/us-central1/operations/operation-1777785494996-650e2f0ea844a-f4fb0641-ad132959 [none]
[debug] [2026-05-03T05:18:42.913Z] <<< [apiv2][status] GET https://cloudfunctions.googleapis.com/v2/projects/wildergo-27042/locations/us-central1/operations/operation-1777785494996-650e2f0ea844a-f4fb0641-ad132959 200
[debug] [2026-05-03T05:18:42.913Z] <<< [apiv2][body] GET https://cloudfunctions.googleapis.com/v2/projects/wildergo-27042/locations/us-central1/operations/operation-1777785494996-650e2f0ea844a-f4fb0641-ad132959 {"name":"projects/wildergo-27042/locations/us-central1/operations/operation-1777785494996-650e2f0ea844a-f4fb0641-ad132959","metadata":{"@type":"type.googleapis.com/google.cloud.functions.v2.OperationMetadata","createTime":"2026-05-03T05:18:16.652006761Z","target":"projects/wildergo-27042/locations/us-central1/functions/catchShortcutSOS","verb":"create","cancelRequested":false,"apiVersion":"v2","requestResource":{"@type":"type.googleapis.com/google.cloud.functions.v2.Function","name":"projects/wildergo-27042/locations/us-central1/functions/catchShortcutSOS","buildConfig":{"runtime":"nodejs24","entryPoint":"catchShortcutSOS","source":{"storageSource":{"bucket":"gcf-v2-sources-788745676913-us-central1","object":"catchShortcutSOS/function-source.zip","generation":"1777785495737580"}},"environmentVariables":{"GOOGLE_NODE_RUN_SCRIPTS":""},"serviceAccount":"projects/wildergo-27042/serviceAccounts/788745676913-compute@developer.gserviceaccount.com","automaticUpdatePolicy":{}},"serviceConfig":{"service":"projects/wildergo-27042/locations/us-central1/services/catchshortcutsos","timeoutSeconds":60,"environmentVariables":{"FIREBASE_CONFIG":"{\"projectId\":\"wildergo-27042\",\"databaseURL\":\"https://wildergo-27042-default-rtdb.firebaseio.com\",\"storageBucket\":\"wildergo-27042.firebasestorage.app\"}","GCLOUD_PROJECT":"wildergo-27042","EVENTARC_CLOUD_EVENT_SOURCE":"projects/wildergo-27042/locations/us-central1/services/catchShortcutSOS","FUNCTION_TARGET":"catchShortcutSOS","LOG_EXECUTION_ID":"true"},"ingressSettings":"ALLOW_ALL","serviceAccountEmail":"788745676913-compute@developer.gserviceaccount.com","availableMemory":"256Mi","maxInstanceRequestConcurrency":80,"availableCpu":"1"},"labels":{"deployment-tool":"cli-firebase","firebase-functions-hash":"f510eaf87664743549752a63f3a73ff925f456e9"},"environment":"GEN_2"},"stages":[{"name":"BUILD","state":"NOT_STARTED"},{"name":"SERVICE","state":"NOT_STARTED"}],"operationType":"CREATE_FUNCTION"},"done":false}
[debug] [2026-05-03T05:18:52.915Z] [create-default-us-central1-catchShortcutSOS] Retrying task index 0
[debug] [2026-05-03T05:18:52.916Z] Checked if tokens are valid: true, expires at: 1777786904124
[debug] [2026-05-03T05:18:52.916Z] Checked if tokens are valid: true, expires at: 1777786904124
[debug] [2026-05-03T05:18:52.916Z] >>> [apiv2][query] GET https://cloudfunctions.googleapis.com/v2/projects/wildergo-27042/locations/us-central1/operations/operation-1777785494996-650e2f0ea844a-f4fb0641-ad132959 [none]
[debug] [2026-05-03T05:18:53.038Z] <<< [apiv2][status] GET https://cloudfunctions.googleapis.com/v2/projects/wildergo-27042/locations/us-central1/operations/operation-1777785494996-650e2f0ea844a-f4fb0641-ad132959 200
[debug] [2026-05-03T05:18:53.038Z] <<< [apiv2][body] GET https://cloudfunctions.googleapis.com/v2/projects/wildergo-27042/locations/us-central1/operations/operation-1777785494996-650e2f0ea844a-f4fb0641-ad132959 {"name":"projects/wildergo-27042/locations/us-central1/operations/operation-1777785494996-650e2f0ea844a-f4fb0641-ad132959","metadata":{"@type":"type.googleapis.com/google.cloud.functions.v2.OperationMetadata","createTime":"2026-05-03T05:18:16.652006761Z","target":"projects/wildergo-27042/locations/us-central1/functions/catchShortcutSOS","verb":"create","cancelRequested":false,"apiVersion":"v2","requestResource":{"@type":"type.googleapis.com/google.cloud.functions.v2.Function","name":"projects/wildergo-27042/locations/us-central1/functions/catchShortcutSOS","buildConfig":{"runtime":"nodejs24","entryPoint":"catchShortcutSOS","source":{"storageSource":{"bucket":"gcf-v2-sources-788745676913-us-central1","object":"catchShortcutSOS/function-source.zip","generation":"1777785495737580"}},"environmentVariables":{"GOOGLE_NODE_RUN_SCRIPTS":""},"serviceAccount":"projects/wildergo-27042/serviceAccounts/788745676913-compute@developer.gserviceaccount.com","automaticUpdatePolicy":{}},"serviceConfig":{"service":"projects/wildergo-27042/locations/us-central1/services/catchshortcutsos","timeoutSeconds":60,"environmentVariables":{"FIREBASE_CONFIG":"{\"projectId\":\"wildergo-27042\",\"databaseURL\":\"https://wildergo-27042-default-rtdb.firebaseio.com\",\"storageBucket\":\"wildergo-27042.firebasestorage.app\"}","GCLOUD_PROJECT":"wildergo-27042","EVENTARC_CLOUD_EVENT_SOURCE":"projects/wildergo-27042/locations/us-central1/services/catchShortcutSOS","FUNCTION_TARGET":"catchShortcutSOS","LOG_EXECUTION_ID":"true"},"ingressSettings":"ALLOW_ALL","serviceAccountEmail":"788745676913-compute@developer.gserviceaccount.com","availableMemory":"256Mi","maxInstanceRequestConcurrency":80,"availableCpu":"1"},"labels":{"deployment-tool":"cli-firebase","firebase-functions-hash":"f510eaf87664743549752a63f3a73ff925f456e9"},"environment":"GEN_2"},"stages":[{"name":"BUILD","message":"Build in progress","state":"IN_PROGRESS","resource":"projects/788745676913/locations/us-central1/builds/4d1e29a3-4131-4a0a-8db8-2f6da2813c20","resourceUri":"https://console.cloud.google.com/cloud-build/builds;region=us-central1/4d1e29a3-4131-4a0a-8db8-2f6da2813c20?project=788745676913"},{"name":"SERVICE","state":"NOT_STARTED"}],"operationType":"CREATE_FUNCTION","buildName":"projects/788745676913/locations/us-central1/builds/4d1e29a3-4131-4a0a-8db8-2f6da2813c20"},"done":false}
[debug] [2026-05-03T05:19:03.040Z] [create-default-us-central1-catchShortcutSOS] Retrying task index 0
[debug] [2026-05-03T05:19:03.041Z] Checked if tokens are valid: true, expires at: 1777786904124
[debug] [2026-05-03T05:19:03.041Z] Checked if tokens are valid: true, expires at: 1777786904124
[debug] [2026-05-03T05:19:03.041Z] >>> [apiv2][query] GET https://cloudfunctions.googleapis.com/v2/projects/wildergo-27042/locations/us-central1/operations/operation-1777785494996-650e2f0ea844a-f4fb0641-ad132959 [none]
[debug] [2026-05-03T05:19:03.138Z] <<< [apiv2][status] GET https://cloudfunctions.googleapis.com/v2/projects/wildergo-27042/locations/us-central1/operations/operation-1777785494996-650e2f0ea844a-f4fb0641-ad132959 200
[debug] [2026-05-03T05:19:03.138Z] <<< [apiv2][body] GET https://cloudfunctions.googleapis.com/v2/projects/wildergo-27042/locations/us-central1/operations/operation-1777785494996-650e2f0ea844a-f4fb0641-ad132959 {"name":"projects/wildergo-27042/locations/us-central1/operations/operation-1777785494996-650e2f0ea844a-f4fb0641-ad132959","metadata":{"@type":"type.googleapis.com/google.cloud.functions.v2.OperationMetadata","createTime":"2026-05-03T05:18:16.652006761Z","target":"projects/wildergo-27042/locations/us-central1/functions/catchShortcutSOS","verb":"create","cancelRequested":false,"apiVersion":"v2","requestResource":{"@type":"type.googleapis.com/google.cloud.functions.v2.Function","name":"projects/wildergo-27042/locations/us-central1/functions/catchShortcutSOS","buildConfig":{"runtime":"nodejs24","entryPoint":"catchShortcutSOS","source":{"storageSource":{"bucket":"gcf-v2-sources-788745676913-us-central1","object":"catchShortcutSOS/function-source.zip","generation":"1777785495737580"}},"environmentVariables":{"GOOGLE_NODE_RUN_SCRIPTS":""},"serviceAccount":"projects/wildergo-27042/serviceAccounts/788745676913-compute@developer.gserviceaccount.com","automaticUpdatePolicy":{}},"serviceConfig":{"service":"projects/wildergo-27042/locations/us-central1/services/catchshortcutsos","timeoutSeconds":60,"environmentVariables":{"FIREBASE_CONFIG":"{\"projectId\":\"wildergo-27042\",\"databaseURL\":\"https://wildergo-27042-default-rtdb.firebaseio.com\",\"storageBucket\":\"wildergo-27042.firebasestorage.app\"}","GCLOUD_PROJECT":"wildergo-27042","EVENTARC_CLOUD_EVENT_SOURCE":"projects/wildergo-27042/locations/us-central1/services/catchShortcutSOS","FUNCTION_TARGET":"catchShortcutSOS","LOG_EXECUTION_ID":"true"},"ingressSettings":"ALLOW_ALL","serviceAccountEmail":"788745676913-compute@developer.gserviceaccount.com","availableMemory":"256Mi","maxInstanceRequestConcurrency":80,"availableCpu":"1"},"labels":{"deployment-tool":"cli-firebase","firebase-functions-hash":"f510eaf87664743549752a63f3a73ff925f456e9"},"environment":"GEN_2"},"stages":[{"name":"BUILD","message":"Build in progress","state":"IN_PROGRESS","resource":"projects/788745676913/locations/us-central1/builds/4d1e29a3-4131-4a0a-8db8-2f6da2813c20","resourceUri":"https://console.cloud.google.com/cloud-build/builds;region=us-central1/4d1e29a3-4131-4a0a-8db8-2f6da2813c20?project=788745676913"},{"name":"SERVICE","state":"NOT_STARTED"}],"operationType":"CREATE_FUNCTION","buildName":"projects/788745676913/locations/us-central1/builds/4d1e29a3-4131-4a0a-8db8-2f6da2813c20"},"done":false}
[debug] [2026-05-03T05:19:13.140Z] [create-default-us-central1-catchShortcutSOS] Retrying task index 0
[debug] [2026-05-03T05:19:13.141Z] Checked if tokens are valid: true, expires at: 1777786904124
[debug] [2026-05-03T05:19:13.141Z] Checked if tokens are valid: true, expires at: 1777786904124
[debug] [2026-05-03T05:19:13.141Z] >>> [apiv2][query] GET https://cloudfunctions.googleapis.com/v2/projects/wildergo-27042/locations/us-central1/operations/operation-1777785494996-650e2f0ea844a-f4fb0641-ad132959 [none]
[debug] [2026-05-03T05:19:13.285Z] <<< [apiv2][status] GET https://cloudfunctions.googleapis.com/v2/projects/wildergo-27042/locations/us-central1/operations/operation-1777785494996-650e2f0ea844a-f4fb0641-ad132959 200
[debug] [2026-05-03T05:19:13.286Z] <<< [apiv2][body] GET https://cloudfunctions.googleapis.com/v2/projects/wildergo-27042/locations/us-central1/operations/operation-1777785494996-650e2f0ea844a-f4fb0641-ad132959 {"name":"projects/wildergo-27042/locations/us-central1/operations/operation-1777785494996-650e2f0ea844a-f4fb0641-ad132959","metadata":{"@type":"type.googleapis.com/google.cloud.functions.v2.OperationMetadata","createTime":"2026-05-03T05:18:16.652006761Z","target":"projects/wildergo-27042/locations/us-central1/functions/catchShortcutSOS","verb":"create","cancelRequested":false,"apiVersion":"v2","requestResource":{"@type":"type.googleapis.com/google.cloud.functions.v2.Function","name":"projects/wildergo-27042/locations/us-central1/functions/catchShortcutSOS","buildConfig":{"runtime":"nodejs24","entryPoint":"catchShortcutSOS","source":{"storageSource":{"bucket":"gcf-v2-sources-788745676913-us-central1","object":"catchShortcutSOS/function-source.zip","generation":"1777785495737580"}},"environmentVariables":{"GOOGLE_NODE_RUN_SCRIPTS":""},"serviceAccount":"projects/wildergo-27042/serviceAccounts/788745676913-compute@developer.gserviceaccount.com","automaticUpdatePolicy":{}},"serviceConfig":{"service":"projects/wildergo-27042/locations/us-central1/services/catchshortcutsos","timeoutSeconds":60,"environmentVariables":{"FIREBASE_CONFIG":"{\"projectId\":\"wildergo-27042\",\"databaseURL\":\"https://wildergo-27042-default-rtdb.firebaseio.com\",\"storageBucket\":\"wildergo-27042.firebasestorage.app\"}","GCLOUD_PROJECT":"wildergo-27042","EVENTARC_CLOUD_EVENT_SOURCE":"projects/wildergo-27042/locations/us-central1/services/catchShortcutSOS","FUNCTION_TARGET":"catchShortcutSOS","LOG_EXECUTION_ID":"true"},"ingressSettings":"ALLOW_ALL","serviceAccountEmail":"788745676913-compute@developer.gserviceaccount.com","availableMemory":"256Mi","maxInstanceRequestConcurrency":80,"availableCpu":"1"},"labels":{"deployment-tool":"cli-firebase","firebase-functions-hash":"f510eaf87664743549752a63f3a73ff925f456e9"},"environment":"GEN_2"},"stages":[{"name":"BUILD","message":"Build in progress","state":"IN_PROGRESS","resource":"projects/788745676913/locations/us-central1/builds/4d1e29a3-4131-4a0a-8db8-2f6da2813c20","resourceUri":"https://console.cloud.google.com/cloud-build/builds;region=us-central1/4d1e29a3-4131-4a0a-8db8-2f6da2813c20?project=788745676913"},{"name":"SERVICE","state":"NOT_STARTED"}],"operationType":"CREATE_FUNCTION","buildName":"projects/788745676913/locations/us-central1/builds/4d1e29a3-4131-4a0a-8db8-2f6da2813c20"},"done":false}
[debug] [2026-05-03T05:19:23.287Z] [create-default-us-central1-catchShortcutSOS] Retrying task index 0
[debug] [2026-05-03T05:19:23.287Z] Checked if tokens are valid: true, expires at: 1777786904124
[debug] [2026-05-03T05:19:23.287Z] Checked if tokens are valid: true, expires at: 1777786904124
[debug] [2026-05-03T05:19:23.288Z] >>> [apiv2][query] GET https://cloudfunctions.googleapis.com/v2/projects/wildergo-27042/locations/us-central1/operations/operation-1777785494996-650e2f0ea844a-f4fb0641-ad132959 [none]
[debug] [2026-05-03T05:19:23.407Z] <<< [apiv2][status] GET https://cloudfunctions.googleapis.com/v2/projects/wildergo-27042/locations/us-central1/operations/operation-1777785494996-650e2f0ea844a-f4fb0641-ad132959 200
[debug] [2026-05-03T05:19:23.407Z] <<< [apiv2][body] GET https://cloudfunctions.googleapis.com/v2/projects/wildergo-27042/locations/us-central1/operations/operation-1777785494996-650e2f0ea844a-f4fb0641-ad132959 {"name":"projects/wildergo-27042/locations/us-central1/operations/operation-1777785494996-650e2f0ea844a-f4fb0641-ad132959","metadata":{"@type":"type.googleapis.com/google.cloud.functions.v2.OperationMetadata","createTime":"2026-05-03T05:18:16.652006761Z","endTime":"2026-05-03T05:19:17.356265393Z","target":"projects/wildergo-27042/locations/us-central1/functions/catchShortcutSOS","verb":"create","cancelRequested":false,"apiVersion":"v2","requestResource":{"@type":"type.googleapis.com/google.cloud.functions.v2.Function","name":"projects/wildergo-27042/locations/us-central1/functions/catchShortcutSOS","buildConfig":{"runtime":"nodejs24","entryPoint":"catchShortcutSOS","source":{"storageSource":{"bucket":"gcf-v2-sources-788745676913-us-central1","object":"catchShortcutSOS/function-source.zip","generation":"1777785495737580"}},"environmentVariables":{"GOOGLE_NODE_RUN_SCRIPTS":""},"serviceAccount":"projects/wildergo-27042/serviceAccounts/788745676913-compute@developer.gserviceaccount.com","automaticUpdatePolicy":{}},"serviceConfig":{"service":"projects/wildergo-27042/locations/us-central1/services/catchshortcutsos","timeoutSeconds":60,"environmentVariables":{"FIREBASE_CONFIG":"{\"projectId\":\"wildergo-27042\",\"databaseURL\":\"https://wildergo-27042-default-rtdb.firebaseio.com\",\"storageBucket\":\"wildergo-27042.firebasestorage.app\"}","GCLOUD_PROJECT":"wildergo-27042","EVENTARC_CLOUD_EVENT_SOURCE":"projects/wildergo-27042/locations/us-central1/services/catchShortcutSOS","FUNCTION_TARGET":"catchShortcutSOS","LOG_EXECUTION_ID":"true"},"ingressSettings":"ALLOW_ALL","serviceAccountEmail":"788745676913-compute@developer.gserviceaccount.com","availableMemory":"256Mi","maxInstanceRequestConcurrency":80,"availableCpu":"1"},"labels":{"deployment-tool":"cli-firebase","firebase-functions-hash":"f510eaf87664743549752a63f3a73ff925f456e9"},"environment":"GEN_2"},"stages":[{"name":"ARTIFACT_REGISTRY","message":"Deleting function artifacts in Artifact Registry","state":"COMPLETE"},{"name":"SERVICE","message":"Deleting Cloud Run service","state":"COMPLETE","resource":"projects/wildergo-27042/locations/us-central1/services/catchshortcutsos"}],"operationType":"CREATE_FUNCTION"},"done":true,"error":{"code":3,"message":"Build failed with status: FAILURE. Could not build the function due to a missing permission on the build service account. If you didn't revoke that permission explicitly, this could be caused by a change in the organization policies. Please refer to the following documentation for more details and resolution: https://cloud.google.com/functions/docs/troubleshooting#build-service-account\n You can also view the logs at https://console.cloud.google.com/cloud-build/builds;region=us-central1/4d1e29a3-4131-4a0a-8db8-2f6da2813c20?project=788745676913.\n"}}
[debug] [2026-05-03T05:19:23.408Z] Got source token undefined for region us-central1
[error] Build failed with status: FAILURE. Could not build the function due to a missing permission on the build service account. If you didn't revoke that permission explicitly, this could be caused by a change in the organization policies. Please refer to the following documentation for more details and resolution: https://cloud.google.com/functions/docs/troubleshooting#build-service-account
 You can also view the logs at https://console.cloud.google.com/cloud-build/builds;region=us-central1/4d1e29a3-4131-4a0a-8db8-2f6da2813c20?project=788745676913.

[warn] ⚠  functions: Deploys failed. Skipping deletes. 
[debug] [2026-05-03T05:19:23.415Z] Total Function Deployment time: 68523
[debug] [2026-05-03T05:19:23.415Z] 1 Functions Deployed
[debug] [2026-05-03T05:19:23.416Z] 1 Functions Errored
[debug] [2026-05-03T05:19:23.416Z] 0 Function Deployments Aborted
[debug] [2026-05-03T05:19:23.416Z] Average Function Deployment time: 68522
[info] 
[info] Functions deploy had errors with the following functions:
	catchShortcutSOS(us-central1)
[debug] [2026-05-03T05:19:23.473Z] Not printing URL for HTTPS function. Typically this means it didn't match a filter or we failed deployment
[debug] [2026-05-03T05:19:23.474Z] Checked if tokens are valid: true, expires at: 1777786904124
[debug] [2026-05-03T05:19:23.474Z] Checked if tokens are valid: true, expires at: 1777786904124
[debug] [2026-05-03T05:19:23.474Z] >>> [apiv2][query] GET https://artifactregistry.googleapis.com/v1/projects/wildergo-27042/locations/us-central1/repositories/gcf-artifacts [none]
[debug] [2026-05-03T05:19:23.687Z] <<< [apiv2][status] GET https://artifactregistry.googleapis.com/v1/projects/wildergo-27042/locations/us-central1/repositories/gcf-artifacts 200
[debug] [2026-05-03T05:19:23.687Z] <<< [apiv2][body] GET https://artifactregistry.googleapis.com/v1/projects/wildergo-27042/locations/us-central1/repositories/gcf-artifacts {"name":"projects/wildergo-27042/locations/us-central1/repositories/gcf-artifacts","format":"DOCKER","description":"This repository is created and used by Cloud Functions for storing function docker images.","labels":{"goog-managed-by":"cloudfunctions"},"createTime":"2026-05-03T05:18:25.444167Z","updateTime":"2026-05-03T05:18:25.444167Z","mode":"STANDARD_REPOSITORY","vulnerabilityScanningConfig":{"lastEnableTime":"2026-05-03T05:18:16.852514720Z","enablementState":"SCANNING_DISABLED","enablementStateReason":"API containerscanning.googleapis.com is not enabled."},"satisfiesPzi":true,"registryUri":"us-central1-docker.pkg.dev/wildergo-27042/gcf-artifacts"}
[warn] ⚠  functions: No cleanup policy detected for repositories in us-central1. This may result in a small monthly bill as container images accumulate over time. 
